2025-03-16 12:14:15,550 - habermas_machine - ERROR - Error in consensus process: '\n  "ranking"'
Traceback (most recent call last):
  File "F:\_workbench\Recursive-Habermas-Machine\habermas_machine.py", line 749, in run_single_consensus
    winner_idx, rankings, pairwise_matrix, strongest_paths = self.run_election_simulation(question)
                                                             ^^^^^^^^^^^^^^^^^^^^^^^^^^^^^^^^^^^^^^
  File "F:\_workbench\Recursive-Habermas-Machine\habermas_machine.py", line 936, in run_election_simulation
    predicted_ranking, attempts_log = self.predict_participant_ranking_json(
                                      ^^^^^^^^^^^^^^^^^^^^^^^^^^^^^^^^^^^^^^
  File "F:\_workbench\Recursive-Habermas-Machine\habermas_machine.py", line 982, in predict_participant_ranking_json
    prompt = template.format(
             ^^^^^^^^^^^^^^^^
KeyError: '\n  "ranking"'
2025-03-16 12:16:01,826 - habermas_machine - ERROR - Error in consensus process: '\n  "ranking"'
Traceback (most recent call last):
  File "F:\_workbench\Recursive-Habermas-Machine\habermas_machine.py", line 749, in run_single_consensus
    winner_idx, rankings, pairwise_matrix, strongest_paths = self.run_election_simulation(question)
                                                             ^^^^^^^^^^^^^^^^^^^^^^^^^^^^^^^^^^^^^^
  File "F:\_workbench\Recursive-Habermas-Machine\habermas_machine.py", line 936, in run_election_simulation
    predicted_ranking, attempts_log = self.predict_participant_ranking_json(
                                      ^^^^^^^^^^^^^^^^^^^^^^^^^^^^^^^^^^^^^^
  File "F:\_workbench\Recursive-Habermas-Machine\habermas_machine.py", line 982, in predict_participant_ranking_json
    prompt = template.format(
             ^^^^^^^^^^^^^^^^
KeyError: '\n  "ranking"'
